#
# There is insufficient memory for the Java Runtime Environment to continue.
# Native memory allocation (malloc) failed to allocate 103284736 bytes for committing reserved memory.
# Possible reasons:
#   The system is out of physical RAM or swap space
#   In 32 bit mode, the process size limit was hit
# Possible solutions:
#   Reduce memory load on the system
#   Increase physical memory or swap space
#   Check if swap backing store is full
#   Use 64 bit Java on a 64 bit OS
#   Decrease Java heap size (-Xmx/-Xms)
#   Decrease number of Java threads
#   Decrease Java thread stack sizes (-Xss)
#   Set larger code cache with -XX:ReservedCodeCacheSize=
# This output file may be truncated or incomplete.
#
#  Out of Memory Error (os_linux.cpp:2798), pid=4796, tid=140016218007296
#
# JRE version: OpenJDK Runtime Environment (7.0_65-b32) (build 1.7.0_65-b32)
# Java VM: OpenJDK 64-Bit Server VM (24.65-b04 mixed mode linux-amd64 compressed oops)
# Derivative: IcedTea 2.5.3
# Distribution: Ubuntu 14.04 LTS, package 7u71-2.5.3-0ubuntu0.14.04.1
# Failed to write core dump. Core dumps have been disabled. To enable core dumping, try "ulimit -c unlimited" before starting Java again
#

---------------  T H R E A D  ---------------

Current thread (0x00007f581413c800):  VMThread [stack: 0x00007f5810dfe000,0x00007f5810eff000] [id=4810]

Stack: [0x00007f5810dfe000,0x00007f5810eff000],  sp=0x00007f5810efd490,  free space=1021k
Native frames: (J=compiled Java code, j=interpreted, Vv=VM code, C=native code)
V  [libjvm.so+0x948b05]  VMError::report_and_die()+0x175
V  [libjvm.so+0x48bc34]  report_vm_out_of_memory(char const*, int, unsigned long, char const*)+0x74
V  [libjvm.so+0x7c7bfb]  os::pd_commit_memory(char*, unsigned long, unsigned long, bool)+0xeb
V  [libjvm.so+0x7c26bf]  os::commit_memory(char*, unsigned long, unsigned long, bool)+0x1f
V  [libjvm.so+0x833e4b]  PSVirtualSpace::expand_by(unsigned long)+0x5b
V  [libjvm.so+0x834ca0]  PSYoungGen::resize_generation(unsigned long, unsigned long)+0xb0
V  [libjvm.so+0x83538b]  PSYoungGen::resize(unsigned long, unsigned long)+0x1b
V  [libjvm.so+0x831670]  PSScavenge::invoke_no_policy()+0xde0
V  [libjvm.so+0x831e48]  PSScavenge::invoke()+0x38
V  [libjvm.so+0x7e8823]  ParallelScavengeHeap::failed_mem_allocate(unsigned long)+0x63
V  [libjvm.so+0x94a504]  VM_ParallelGCFailedAllocation::doit()+0x84
V  [libjvm.so+0x94e9f7]  VM_Operation::evaluate()+0x47
V  [libjvm.so+0x94d368]  VMThread::evaluate_operation(VM_Operation*)+0x318
V  [libjvm.so+0x94d7c9]  VMThread::loop()+0x219
V  [libjvm.so+0x94dc12]  VMThread::run()+0x72
V  [libjvm.so+0x7c4ac2]  java_start(Thread*)+0xf2

VM_Operation (0x00007f581d0ae470): ParallelGCFailedAllocation, mode: safepoint, requested by thread 0x00007f581400a000


---------------  P R O C E S S  ---------------

Java Threads: ( => current thread )
  0x00007f5814177800 JavaThread "Service Thread" daemon [_thread_blocked, id=4816, stack(0x00007f581052f000,0x00007f5810630000)]
  0x00007f5814175800 JavaThread "C2 CompilerThread1" daemon [_thread_blocked, id=4815, stack(0x00007f5810630000,0x00007f5810731000)]
  0x00007f5814172800 JavaThread "C2 CompilerThread0" daemon [_thread_blocked, id=4814, stack(0x00007f5810731000,0x00007f5810832000)]
  0x00007f5814170000 JavaThread "Signal Dispatcher" daemon [_thread_blocked, id=4813, stack(0x00007f5810832000,0x00007f5810933000)]
  0x00007f5814143000 JavaThread "Finalizer" daemon [_thread_blocked, id=4812, stack(0x00007f5810bfc000,0x00007f5810cfd000)]
  0x00007f5814141000 JavaThread "Reference Handler" daemon [_thread_blocked, id=4811, stack(0x00007f5810cfd000,0x00007f5810dfe000)]
  0x00007f581400a000 JavaThread "main" [_thread_blocked, id=4805, stack(0x00007f581cfaf000,0x00007f581d0b0000)]

Other Threads:
=>0x00007f581413c800 VMThread [stack: 0x00007f5810dfe000,0x00007f5810eff000] [id=4810]
  0x00007f5814182800 WatcherThread [stack: 0x00007f581042e000,0x00007f581052f000] [id=4817]

VM state:at safepoint (normal execution)

VM Mutex/Monitor currently owned by a thread:  ([mutex/lock_event])
[0x00007f5814006700] Threads_lock - owner thread: 0x00007f581413c800
[0x00007f5814006c00] Heap_lock - owner thread: 0x00007f581400a000

Heap
 PSYoungGen      total 66048K, used 666K [0x00000000eaa80000, 0x00000000eed80000, 0x0000000100000000)
  eden space 63488K, 0% used [0x00000000eaa80000,0x00000000eaa80000,0x00000000ee880000)
  from space 2560K, 26% used [0x00000000ee880000,0x00000000ee926b90,0x00000000eeb00000)
  to   space 2560K, 0% used [0x00000000eeb00000,0x00000000eeb00000,0x00000000eed80000)
 ParOldGen       total 59392K, used 35236K [0x00000000c0000000, 0x00000000c3a00000, 0x00000000eaa80000)
  object space 59392K, 59% used [0x00000000c0000000,0x00000000c2269268,0x00000000c3a00000)
 PSPermGen       total 21504K, used 6464K [0x00000000b5a00000, 0x00000000b6f00000, 0x00000000c0000000)
  object space 21504K, 30% used [0x00000000b5a00000,0x00000000b6050030,0x00000000b6f00000)

Card table byte_map: [0x00007f58199a9000,0x00007f5819bfd000] byte_map_base: 0x00007f58193fc000

Polling page: 0x00007f581d0d7000

Code Cache  [0x00007f5811000000, 0x00007f5811270000, 0x00007f5814000000)
 total_blobs=657 nmethods=411 adapters=200 free_code_cache=47939Kb largest_free_block=49058496

Compilation events (10 events):
Event: 3.711 Thread 0x00007f5814175800  407             com.android.dx.merge.DexMerger$2::read (8 bytes)
Event: 3.712 Thread 0x00007f5814172800  408             com.android.dx.merge.DexMerger$2::read (16 bytes)
Event: 3.716 Thread 0x00007f5814175800 nmethod 407 0x00007f581112e4d0 code [0x00007f581112e660, 0x00007f581112e948]
Event: 3.716 Thread 0x00007f5814175800  409             com.android.dx.merge.DexMerger$2::updateIndex (50 bytes)
Event: 3.716 Thread 0x00007f5814172800 nmethod 408 0x00007f581112dc10 code [0x00007f581112dda0, 0x00007f581112e088]
Event: 3.716 Thread 0x00007f5814172800  410             com.android.dx.merge.DexMerger$2::write (9 bytes)
Event: 3.716 Thread 0x00007f5814175800 nmethod 409 0x00007f581112bd10 code [0x00007f581112be60, 0x00007f581112bf18]
Event: 3.716 Thread 0x00007f5814175800  411             com.android.dx.merge.DexMerger$2::write (15 bytes)
Event: 3.719 Thread 0x00007f5814172800 nmethod 410 0x00007f5811129c10 code [0x00007f5811129d80, 0x00007f5811129fa8]
Event: 3.719 Thread 0x00007f5814175800 nmethod 411 0x00007f5811129510 code [0x00007f5811129680, 0x00007f5811129888]

GC Heap History (10 events):
Event: 1.710 GC heap after
Heap after GC invocations=1 (full 0):
 PSYoungGen      total 18432K, used 2556K [0x00000000eaa80000, 0x00000000ece80000, 0x0000000100000000)
  eden space 15872K, 0% used [0x00000000eaa80000,0x00000000eaa80000,0x00000000eba00000)
  from space 2560K, 99% used [0x00000000eba00000,0x00000000ebc7f360,0x00000000ebc80000)
  to   space 2560K, 0% used [0x00000000ecc00000,0x00000000ecc00000,0x00000000ece80000)
 ParOldGen       total 40960K, used 2581K [0x00000000c0000000, 0x00000000c2800000, 0x00000000eaa80000)
  object space 40960K, 6% used [0x00000000c0000000,0x00000000c0285758,0x00000000c2800000)
 PSPermGen       total 21504K, used 5046K [0x00000000b5a00000, 0x00000000b6f00000, 0x00000000c0000000)
  object space 21504K, 23% used [0x00000000b5a00000,0x00000000b5eedb28,0x00000000b6f00000)
}
Event: 2.131 GC heap before
{Heap before GC invocations=2 (full 0):
 PSYoungGen      total 18432K, used 18428K [0x00000000eaa80000, 0x00000000ece80000, 0x0000000100000000)
  eden space 15872K, 100% used [0x00000000eaa80000,0x00000000eba00000,0x00000000eba00000)
  from space 2560K, 99% used [0x00000000eba00000,0x00000000ebc7f360,0x00000000ebc80000)
  to   space 2560K, 0% used [0x00000000ecc00000,0x00000000ecc00000,0x00000000ece80000)
 ParOldGen       total 40960K, used 2581K [0x00000000c0000000, 0x00000000c2800000, 0x00000000eaa80000)
  object space 40960K, 6% used [0x00000000c0000000,0x00000000c0285758,0x00000000c2800000)
 PSPermGen       total 21504K, used 5987K [0x00000000b5a00000, 0x00000000b6f00000, 0x00000000c0000000)
  object space 21504K, 27% used [0x00000000b5a00000,0x00000000b5fd8fc0,0x00000000b6f00000)
Event: 2.151 GC heap after
Heap after GC invocations=2 (full 0):
 PSYoungGen      total 34304K, used 2518K [0x00000000eaa80000, 0x00000000ece80000, 0x0000000100000000)
  eden space 31744K, 0% used [0x00000000eaa80000,0x00000000eaa80000,0x00000000ec980000)
  from space 2560K, 98% used [0x00000000ecc00000,0x00000000ece75b78,0x00000000ece80000)
  to   space 2560K, 0% used [0x00000000ec980000,0x00000000ec980000,0x00000000ecc00000)
 ParOldGen       total 40960K, used 6323K [0x00000000c0000000, 0x00000000c2800000, 0x00000000eaa80000)
  object space 40960K, 15% used [0x00000000c0000000,0x00000000c062cd20,0x00000000c2800000)
 PSPermGen       total 21504K, used 5987K [0x00000000b5a00000, 0x00000000b6f00000, 0x00000000c0000000)
  object space 21504K, 27% used [0x00000000b5a00000,0x00000000b5fd8fc0,0x00000000b6f00000)
}
Event: 2.901 GC heap before
{Heap before GC invocations=3 (full 0):
 PSYoungGen      total 34304K, used 34262K [0x00000000eaa80000, 0x00000000ece80000, 0x0000000100000000)
  eden space 31744K, 100% used [0x00000000eaa80000,0x00000000ec980000,0x00000000ec980000)
  from space 2560K, 98% used [0x00000000ecc00000,0x00000000ece75b78,0x00000000ece80000)
  to   space 2560K, 0% used [0x00000000ec980000,0x00000000ec980000,0x00000000ecc00000)
 ParOldGen       total 40960K, used 6323K [0x00000000c0000000, 0x00000000c2800000, 0x00000000eaa80000)
  object space 40960K, 15% used [0x00000000c0000000,0x00000000c062cd20,0x00000000c2800000)
 PSPermGen       total 21504K, used 6423K [0x00000000b5a00000, 0x00000000b6f00000, 0x00000000c0000000)
  object space 21504K, 29% used [0x00000000b5a00000,0x00000000b6045c38,0x00000000b6f00000)
Event: 2.920 GC heap after
Heap after GC invocations=3 (full 0):
 PSYoungGen      total 34304K, used 2535K [0x00000000eaa80000, 0x00000000eed80000, 0x0000000100000000)
  eden space 31744K, 0% used [0x00000000eaa80000,0x00000000eaa80000,0x00000000ec980000)
  from space 2560K, 99% used [0x00000000ec980000,0x00000000ecbf9c28,0x00000000ecc00000)
  to   space 2560K, 0% used [0x00000000eeb00000,0x00000000eeb00000,0x00000000eed80000)
 ParOldGen       total 40960K, used 14151K [0x00000000c0000000, 0x00000000c2800000, 0x00000000eaa80000)
  object space 40960K, 34% used [0x00000000c0000000,0x00000000c0dd1ca0,0x00000000c2800000)
 PSPermGen       total 21504K, used 6423K [0x00000000b5a00000, 0x00000000b6f00000, 0x00000000c0000000)
  object space 21504K, 29% used [0x00000000b5a00000,0x00000000b6045c38,0x00000000b6f00000)
}
Event: 3.168 GC heap before
{Heap before GC invocations=4 (full 0):
 PSYoungGen      total 34304K, used 34279K [0x00000000eaa80000, 0x00000000eed80000, 0x0000000100000000)
  eden space 31744K, 100% used [0x00000000eaa80000,0x00000000ec980000,0x00000000ec980000)
  from space 2560K, 99% used [0x00000000ec980000,0x00000000ecbf9c28,0x00000000ecc00000)
  to   space 2560K, 0% used [0x00000000eeb00000,0x00000000eeb00000,0x00000000eed80000)
 ParOldGen       total 40960K, used 14151K [0x00000000c0000000, 0x00000000c2800000, 0x00000000eaa80000)
  object space 40960K, 34% used [0x00000000c0000000,0x00000000c0dd1ca0,0x00000000c2800000)
 PSPermGen       total 21504K, used 6446K [0x00000000b5a00000, 0x00000000b6f00000, 0x00000000c0000000)
  object space 21504K, 29% used [0x00000000b5a00000,0x00000000b604ba70,0x00000000b6f00000)
Event: 3.386 GC heap after
Heap after GC invocations=4 (full 0):
 PSYoungGen      total 66048K, used 2549K [0x00000000eaa80000, 0x00000000eed80000, 0x0000000100000000)
  eden space 63488K, 0% used [0x00000000eaa80000,0x00000000eaa80000,0x00000000ee880000)
  from space 2560K, 99% used [0x00000000eeb00000,0x00000000eed7d5b0,0x00000000eed80000)
  to   space 2560K, 0% used [0x00000000ee880000,0x00000000ee880000,0x00000000eeb00000)
 ParOldGen       total 40960K, used 37927K [0x00000000c0000000, 0x00000000c2800000, 0x00000000eaa80000)
  object space 40960K, 92% used [0x00000000c0000000,0x00000000c2509f70,0x00000000c2800000)
 PSPermGen       total 21504K, used 6446K [0x00000000b5a00000, 0x00000000b6f00000, 0x00000000c0000000)
  object space 21504K, 29% used [0x00000000b5a00000,0x00000000b604ba70,0x00000000b6f00000)
}
Event: 3.386 GC heap before
{Heap before GC invocations=5 (full 1):
 PSYoungGen      total 66048K, used 2549K [0x00000000eaa80000, 0x00000000eed80000, 0x0000000100000000)
  eden space 63488K, 0% used [0x00000000eaa80000,0x00000000eaa80000,0x00000000ee880000)
  from space 2560K, 99% used [0x00000000eeb00000,0x00000000eed7d5b0,0x00000000eed80000)
  to   space 2560K, 0% used [0x00000000ee880000,0x00000000ee880000,0x00000000eeb00000)
 ParOldGen       total 40960K, used 37927K [0x00000000c0000000, 0x00000000c2800000, 0x00000000eaa80000)
  object space 40960K, 92% used [0x00000000c0000000,0x00000000c2509f70,0x00000000c2800000)
 PSPermGen       total 21504K, used 6446K [0x00000000b5a00000, 0x00000000b6f00000, 0x00000000c0000000)
  object space 21504K, 29% used [0x00000000b5a00000,0x00000000b604ba70,0x00000000b6f00000)
Event: 3.467 GC heap after
Heap after GC invocations=5 (full 1):
 PSYoungGen      total 66048K, used 0K [0x00000000eaa80000, 0x00000000eed80000, 0x0000000100000000)
  eden space 63488K, 0% used [0x00000000eaa80000,0x00000000eaa80000,0x00000000ee880000)
  from space 2560K, 0% used [0x00000000eeb00000,0x00000000eeb00000,0x00000000eed80000)
  to   space 2560K, 0% used [0x00000000ee880000,0x00000000ee880000,0x00000000eeb00000)
 ParOldGen       total 59392K, used 17866K [0x00000000c0000000, 0x00000000c3a00000, 0x00000000eaa80000)
  object space 59392K, 30% used [0x00000000c0000000,0x00000000c1172a68,0x00000000c3a00000)
 PSPermGen       total 21504K, used 6444K [0x00000000b5a00000, 0x00000000b6f00000, 0x00000000c0000000)
  object space 21504K, 29% used [0x00000000b5a00000,0x00000000b604b258,0x00000000b6f00000)
}
Event: 3.721 GC heap before
{Heap before GC invocations=6 (full 1):
 PSYoungGen      total 66048K, used 63488K [0x00000000eaa80000, 0x00000000eed80000, 0x0000000100000000)
  eden space 63488K, 100% used [0x00000000eaa80000,0x00000000ee880000,0x00000000ee880000)
  from space 2560K, 0% used [0x00000000eeb00000,0x00000000eeb00000,0x00000000eed80000)
  to   space 2560K, 0% used [0x00000000ee880000,0x00000000ee880000,0x00000000eeb00000)
 ParOldGen       total 59392K, used 17866K [0x00000000c0000000, 0x00000000c3a00000, 0x00000000eaa80000)
  object space 59392K, 30% used [0x00000000c0000000,0x00000000c1172a68,0x00000000c3a00000)
 PSPermGen       total 21504K, used 6464K [0x00000000b5a00000, 0x00000000b6f00000, 0x00000000c0000000)
  object space 21504K, 30% used [0x00000000b5a00000,0x00000000b6050030,0x00000000b6f00000)

Deoptimization events (6 events):
Event: 2.413 Thread 0x00007f581400a000 Uncommon trap: reason=class_check action=maybe_recompile pc=0x00007f5811086744 method=com.android.dex.Leb128.readUnsignedLeb128(Lcom/android/dex/util/ByteInput;)I @ 5
Event: 2.413 Thread 0x00007f581400a000 Uncommon trap: reason=class_check action=maybe_recompile pc=0x00007f5811086744 method=com.android.dex.Leb128.readUnsignedLeb128(Lcom/android/dex/util/ByteInput;)I @ 5
Event: 2.413 Thread 0x00007f581400a000 Uncommon trap: reason=class_check action=maybe_recompile pc=0x00007f5811086744 method=com.android.dex.Leb128.readUnsignedLeb128(Lcom/android/dex/util/ByteInput;)I @ 5
Event: 2.413 Thread 0x00007f581400a000 Uncommon trap: reason=class_check action=maybe_recompile pc=0x00007f5811086744 method=com.android.dex.Leb128.readUnsignedLeb128(Lcom/android/dex/util/ByteInput;)I @ 5
Event: 2.560 Thread 0x00007f581400a000 Uncommon trap: reason=predicate action=maybe_recompile pc=0x00007f58110924f8 method=com.android.dex.Leb128.readUnsignedLeb128(Lcom/android/dex/util/ByteInput;)I @ 41
Event: 2.976 Thread 0x00007f581400a000 Uncommon trap: reason=predicate action=maybe_recompile pc=0x00007f58110cf99c method=java.util.ComparableTimSort.binarySort([Ljava/lang/Object;III)V @ 37

Internal exceptions (10 events):
Event: 2.159 Thread 0x00007f581400a000 Threw 0x00000000eaacc478 at /build/buildd/openjdk-7-7u71-2.5.3/build/openjdk/hotspot/src/share/vm/prims/jvm.cpp:1284
Event: 2.160 Thread 0x00007f581400a000 Threw 0x00000000eaad0110 at /build/buildd/openjdk-7-7u71-2.5.3/build/openjdk/hotspot/src/share/vm/prims/jvm.cpp:1284
Event: 2.160 Thread 0x00007f581400a000 Threw 0x00000000eaad3ef8 at /build/buildd/openjdk-7-7u71-2.5.3/build/openjdk/hotspot/src/share/vm/prims/jvm.cpp:1284
Event: 2.162 Thread 0x00007f581400a000 Threw 0x00000000eaad9ee0 at /build/buildd/openjdk-7-7u71-2.5.3/build/openjdk/hotspot/src/share/vm/prims/jvm.cpp:1284
Event: 2.162 Thread 0x00007f581400a000 Threw 0x00000000eaadd9f8 at /build/buildd/openjdk-7-7u71-2.5.3/build/openjdk/hotspot/src/share/vm/prims/jvm.cpp:1284
Event: 2.163 Thread 0x00007f581400a000 Threw 0x00000000eaae1730 at /build/buildd/openjdk-7-7u71-2.5.3/build/openjdk/hotspot/src/share/vm/prims/jvm.cpp:1284
Event: 2.163 Thread 0x00007f581400a000 Threw 0x00000000eaae51b0 at /build/buildd/openjdk-7-7u71-2.5.3/build/openjdk/hotspot/src/share/vm/prims/jvm.cpp:1284
Event: 2.166 Thread 0x00007f581400a000 Threw 0x00000000eab2c9f8 at /build/buildd/openjdk-7-7u71-2.5.3/build/openjdk/hotspot/src/share/vm/prims/jvm.cpp:1284
Event: 2.166 Thread 0x00007f581400a000 Threw 0x00000000eab2f5b8 at /build/buildd/openjdk-7-7u71-2.5.3/build/openjdk/hotspot/src/share/vm/prims/jvm.cpp:1284
Event: 2.685 Thread 0x00007f581400a000 Threw 0x00000000eb7c33b0 at /build/buildd/openjdk-7-7u71-2.5.3/build/openjdk/hotspot/src/share/vm/prims/jvm.cpp:1284

Events (10 events):
Event: 2.685 loading class 0x00007f5814319cf0
Event: 2.685 loading class 0x00007f5814319cf0 done
Event: 2.893 Executing VM operation: ParallelGCFailedAllocation
Event: 2.920 Executing VM operation: ParallelGCFailedAllocation done
Event: 2.976 Thread 0x00007f581400a000 Uncommon trap: trap_request=0xffffff86 fr.pc=0x00007f58110cf99c
Event: 2.976 Thread 0x00007f581400a000 DEOPT PACKING pc=0x00007f58110cf99c sp=0x00007f581d0ae450
Event: 2.976 Thread 0x00007f581400a000 DEOPT UNPACKING pc=0x00007f5811039045 sp=0x00007f581d0ae430 mode 2
Event: 3.168 Executing VM operation: ParallelGCFailedAllocation
Event: 3.470 Executing VM operation: ParallelGCFailedAllocation done
Event: 3.721 Executing VM operation: ParallelGCFailedAllocation


Dynamic libraries:
00400000-00401000 r-xp 00000000 07:00 23789                              /usr/lib/jvm/java-7-openjdk-amd64/jre/bin/java
00600000-00601000 r--p 00000000 07:00 23789                              /usr/lib/jvm/java-7-openjdk-amd64/jre/bin/java
00601000-00602000 rw-p 00001000 07:00 23789                              /usr/lib/jvm/java-7-openjdk-amd64/jre/bin/java
016a3000-016c4000 rw-p 00000000 00:00 0                                  [heap]
b5a00000-b6f00000 rw-p 00000000 00:00 0 
b6f00000-c0000000 rw-p 00000000 00:00 0 
c0000000-c3a00000 rw-p 00000000 00:00 0 
c3a00000-eaa80000 rw-p 00000000 00:00 0 
eaa80000-eed80000 rw-p 00000000 00:00 0 
f5000000-100000000 rw-p 00000000 00:00 0 
7f57dc000000-7f57dc021000 rw-p 00000000 00:00 0 
7f57dc021000-7f57e0000000 ---p 00000000 00:00 0 
7f57e0000000-7f57e0021000 rw-p 00000000 00:00 0 
7f57e0021000-7f57e4000000 ---p 00000000 00:00 0 
7f57e4000000-7f57e48ed000 rw-p 00000000 00:00 0 
7f57e48ed000-7f57e8000000 ---p 00000000 00:00 0 
7f57e8000000-7f57e8607000 rw-p 00000000 00:00 0 
7f57e8607000-7f57ec000000 ---p 00000000 00:00 0 
7f57ec000000-7f57ec021000 rw-p 00000000 00:00 0 
7f57ec021000-7f57f0000000 ---p 00000000 00:00 0 
7f57f0000000-7f57f0021000 rw-p 00000000 00:00 0 
7f57f0021000-7f57f4000000 ---p 00000000 00:00 0 
7f57f4000000-7f57f40e1000 rw-p 00000000 00:00 0 
7f57f40e1000-7f57f8000000 ---p 00000000 00:00 0 
7f57f8000000-7f57f8021000 rw-p 00000000 00:00 0 
7f57f8021000-7f57fc000000 ---p 00000000 00:00 0 
7f57fc000000-7f57fc021000 rw-p 00000000 00:00 0 
7f57fc021000-7f5800000000 ---p 00000000 00:00 0 
7f580061b000-7f580077c000 rw-p 00000000 00:00 0 
7f580077c000-7f58007b9000 r-xp 00000000 07:00 10135                      /lib/x86_64-linux-gnu/libpcre.so.3.13.1
7f58007b9000-7f58009b8000 ---p 0003d000 07:00 10135                      /lib/x86_64-linux-gnu/libpcre.so.3.13.1
7f58009b8000-7f58009b9000 r--p 0003c000 07:00 10135                      /lib/x86_64-linux-gnu/libpcre.so.3.13.1
7f58009b9000-7f58009ba000 rw-p 0003d000 07:00 10135                      /lib/x86_64-linux-gnu/libpcre.so.3.13.1
7f58009ba000-7f58009c1000 r-xp 00000000 07:00 50611                      /usr/lib/x86_64-linux-gnu/libffi.so.6.0.1
7f58009c1000-7f5800bc0000 ---p 00007000 07:00 50611                      /usr/lib/x86_64-linux-gnu/libffi.so.6.0.1
7f5800bc0000-7f5800bc1000 r--p 00006000 07:00 50611                      /usr/lib/x86_64-linux-gnu/libffi.so.6.0.1
7f5800bc1000-7f5800bc2000 rw-p 00007000 07:00 50611                      /usr/lib/x86_64-linux-gnu/libffi.so.6.0.1
7f5800bc2000-7f5800bd9000 r-xp 00000000 07:00 10158                      /lib/x86_64-linux-gnu/libresolv-2.19.so
7f5800bd9000-7f5800dd9000 ---p 00017000 07:00 10158                      /lib/x86_64-linux-gnu/libresolv-2.19.so
7f5800dd9000-7f5800dda000 r--p 00017000 07:00 10158                      /lib/x86_64-linux-gnu/libresolv-2.19.so
7f5800dda000-7f5800ddb000 rw-p 00018000 07:00 10158                      /lib/x86_64-linux-gnu/libresolv-2.19.so
7f5800ddb000-7f5800ddd000 rw-p 00000000 00:00 0 
7f5800ddd000-7f5800dfd000 r-xp 00000000 07:00 10162                      /lib/x86_64-linux-gnu/libselinux.so.1
7f5800dfd000-7f5800ffc000 ---p 00020000 07:00 10162                      /lib/x86_64-linux-gnu/libselinux.so.1
7f5800ffc000-7f5800ffd000 r--p 0001f000 07:00 10162                      /lib/x86_64-linux-gnu/libselinux.so.1
7f5800ffd000-7f5800ffe000 rw-p 00020000 07:00 10162                      /lib/x86_64-linux-gnu/libselinux.so.1
7f5800ffe000-7f5801000000 rw-p 00000000 00:00 0 
7f5801000000-7f5801003000 r-xp 00000000 07:00 50763                      /usr/lib/x86_64-linux-gnu/libgmodule-2.0.so.0.4002.0
7f5801003000-7f5801202000 ---p 00003000 07:00 50763                      /usr/lib/x86_64-linux-gnu/libgmodule-2.0.so.0.4002.0
7f5801202000-7f5801203000 r--p 00002000 07:00 50763                      /usr/lib/x86_64-linux-gnu/libgmodule-2.0.so.0.4002.0
7f5801203000-7f5801204000 rw-p 00003000 07:00 50763                      /usr/lib/x86_64-linux-gnu/libgmodule-2.0.so.0.4002.0
7f5801204000-7f580130a000 r-xp 00000000 07:00 10062                      /lib/x86_64-linux-gnu/libglib-2.0.so.0.4002.0
7f580130a000-7f5801509000 ---p 00106000 07:00 10062                      /lib/x86_64-linux-gnu/libglib-2.0.so.0.4002.0
7f5801509000-7f580150a000 r--p 00105000 07:00 10062                      /lib/x86_64-linux-gnu/libglib-2.0.so.0.4002.0
7f580150a000-7f580150b000 rw-p 00106000 07:00 10062                      /lib/x86_64-linux-gnu/libglib-2.0.so.0.4002.0
7f580150b000-7f580150c000 rw-p 00000000 00:00 0 
7f580150c000-7f580155b000 r-xp 00000000 07:00 50795                      /usr/lib/x86_64-linux-gnu/libgobject-2.0.so.0.4002.0
7f580155b000-7f580175b000 ---p 0004f000 07:00 50795                      /usr/lib/x86_64-linux-gnu/libgobject-2.0.so.0.4002.0
7f580175b000-7f580175c000 r--p 0004f000 07:00 50795                      /usr/lib/x86_64-linux-gnu/libgobject-2.0.so.0.4002.0
7f580175c000-7f580175d000 rw-p 00050000 07:00 50795                      /usr/lib/x86_64-linux-gnu/libgobject-2.0.so.0.4002.0
7f580175d000-7f58018c9000 r-xp 00000000 07:00 50740                      /usr/lib/x86_64-linux-gnu/libgio-2.0.so.0.4002.0
7f58018c9000-7f5801ac8000 ---p 0016c000 07:00 50740                      /usr/lib/x86_64-linux-gnu/libgio-2.0.so.0.4002.0
7f5801ac8000-7f5801acc000 r--p 0016b000 07:00 50740                      /usr/lib/x86_64-linux-gnu/libgio-2.0.so.0.4002.0
7f5801acc000-7f5801ace000 rw-p 0016f000 07:00 50740                      /usr/lib/x86_64-linux-gnu/libgio-2.0.so.0.4002.0
7f5801ace000-7f5804000000 rw-p 00000000 00:00 0 
7f5804000000-7f5804021000 rw-p 00000000 00:00 0 
7f5804021000-7f5808000000 ---p 00000000 00:00 0 
7f5808000000-7f5808021000 rw-p 00000000 00:00 0 
7f5808021000-7f580c000000 ---p 00000000 00:00 0 
7f580c000000-7f580c021000 rw-p 00000000 00:00 0 
7f580c021000-7f5810000000 ---p 00000000 00:00 0 
7f5810004000-7f581001b000 r-xp 00000000 07:00 23837                      /usr/lib/jvm/java-7-openjdk-amd64/jre/lib/amd64/libnet.so
7f581001b000-7f581021a000 ---p 00017000 07:00 23837                      /usr/lib/jvm/java-7-openjdk-amd64/jre/lib/amd64/libnet.so
7f581021a000-7f581021b000 r--p 00016000 07:00 23837                      /usr/lib/jvm/java-7-openjdk-amd64/jre/lib/amd64/libnet.so
7f581021b000-7f581021c000 rw-p 00017000 07:00 23837                      /usr/lib/jvm/java-7-openjdk-amd64/jre/lib/amd64/libnet.so
7f581021c000-7f581022c000 r-xp 00000000 07:00 23838                      /usr/lib/jvm/java-7-openjdk-amd64/jre/lib/amd64/libnio.so
7f581022c000-7f581042c000 ---p 00010000 07:00 23838                      /usr/lib/jvm/java-7-openjdk-amd64/jre/lib/amd64/libnio.so
7f581042c000-7f581042d000 r--p 00010000 07:00 23838                      /usr/lib/jvm/java-7-openjdk-amd64/jre/lib/amd64/libnio.so
7f581042d000-7f581042e000 rw-p 00011000 07:00 23838                      /usr/lib/jvm/java-7-openjdk-amd64/jre/lib/amd64/libnio.so
7f581042e000-7f581042f000 ---p 00000000 00:00 0 
7f581042f000-7f581052f000 rw-p 00000000 00:00 0                          [stack:4817]
7f581052f000-7f5810532000 ---p 00000000 00:00 0 
7f5810532000-7f5810630000 rw-p 00000000 00:00 0                          [stack:4816]
7f5810630000-7f5810633000 ---p 00000000 00:00 0 
7f5810633000-7f5810731000 rw-p 00000000 00:00 0                          [stack:4815]
7f5810731000-7f5810734000 ---p 00000000 00:00 0 
7f5810734000-7f5810832000 rw-p 00000000 00:00 0                          [stack:4814]
7f5810832000-7f5810835000 ---p 00000000 00:00 0 
7f5810835000-7f5810933000 rw-p 00000000 00:00 0                          [stack:4813]
7f5810933000-7f5810bfc000 r--p 00000000 07:00 28888                      /usr/lib/locale/locale-archive
7f5810bfc000-7f5810bff000 ---p 00000000 00:00 0 
7f5810bff000-7f5810cfd000 rw-p 00000000 00:00 0                          [stack:4812]
7f5810cfd000-7f5810d00000 ---p 00000000 00:00 0 
7f5810d00000-7f5810dfe000 rw-p 00000000 00:00 0                          [stack:4811]
7f5810dfe000-7f5810dff000 ---p 00000000 00:00 0 
7f5810dff000-7f5811000000 rw-p 00000000 00:00 0                          [stack:4810]
7f5811000000-7f5811270000 rwxp 00000000 00:00 0 
7f5811270000-7f5814342000 rw-p 00000000 00:00 0 
7f5814342000-7f5818000000 ---p 00000000 00:00 0 
7f58180bc000-7f58180c1000 r--s 0004c000 07:00 23890                      /usr/lib/jvm/java-7-openjdk-amd64/jre/lib/jsse.jar
7f58180c1000-7f58180d0000 r--s 000dd000 08:02 130872                     /home/student/Android/Sdk/build-tools/21.1.2/lib/dx.jar
7f58180d0000-7f5818f27000 rw-p 00000000 00:00 0 
7f5818f27000-7f58190d8000 r--s 01d25000 07:00 23905                      /usr/lib/jvm/java-7-openjdk-amd64/jre/lib/rt.jar
7f58190d8000-7f58193fc000 rw-p 00000000 00:00 0 
7f58193fc000-7f58193fd000 ---p 00000000 00:00 0 
7f58193fd000-7f58194fd000 rw-p 00000000 00:00 0                          [stack:4809]
7f58194fd000-7f58194fe000 ---p 00000000 00:00 0 
7f58194fe000-7f58195fe000 rw-p 00000000 00:00 0                          [stack:4808]
7f58195fe000-7f58195ff000 ---p 00000000 00:00 0 
7f58195ff000-7f58196ff000 rw-p 00000000 00:00 0                          [stack:4807]
7f58196ff000-7f5819700000 ---p 00000000 00:00 0 
7f5819700000-7f581980b000 rw-p 00000000 00:00 0                          [stack:4806]
7f581980b000-7f5819853000 rw-p 00000000 00:00 0 
7f5819853000-7f5819870000 rw-p 00000000 00:00 0 
7f5819870000-7f58199a9000 rw-p 00000000 00:00 0 
7f58199a9000-7f58199b4000 rw-p 00000000 00:00 0 
7f58199b4000-7f58199fc000 rw-p 00000000 00:00 0 
7f58199fc000-7f5819a19000 rw-p 00000000 00:00 0 
7f5819a19000-7f5819b51000 rw-p 00000000 00:00 0 
7f5819b51000-7f5819b73000 rw-p 00000000 00:00 0 
7f5819b73000-7f5819bfc000 rw-p 00000000 00:00 0 
7f5819bfc000-7f5819bfd000 rw-p 00000000 00:00 0 
7f5819bfd000-7f5819c05000 r-xp 00000000 07:00 23845                      /usr/lib/jvm/java-7-openjdk-amd64/jre/lib/amd64/libzip.so
7f5819c05000-7f5819e04000 ---p 00008000 07:00 23845                      /usr/lib/jvm/java-7-openjdk-amd64/jre/lib/amd64/libzip.so
7f5819e04000-7f5819e05000 r--p 00007000 07:00 23845                      /usr/lib/jvm/java-7-openjdk-amd64/jre/lib/amd64/libzip.so
7f5819e05000-7f5819e06000 rw-p 00008000 07:00 23845                      /usr/lib/jvm/java-7-openjdk-amd64/jre/lib/amd64/libzip.so
7f5819e06000-7f5819e11000 r-xp 00000000 07:00 10107                      /lib/x86_64-linux-gnu/libnss_files-2.19.so
7f5819e11000-7f581a010000 ---p 0000b000 07:00 10107                      /lib/x86_64-linux-gnu/libnss_files-2.19.so
7f581a010000-7f581a011000 r--p 0000a000 07:00 10107                      /lib/x86_64-linux-gnu/libnss_files-2.19.so
7f581a011000-7f581a012000 rw-p 0000b000 07:00 10107                      /lib/x86_64-linux-gnu/libnss_files-2.19.so
7f581a012000-7f581a01d000 r-xp 00000000 07:00 10117                      /lib/x86_64-linux-gnu/libnss_nis-2.19.so
7f581a01d000-7f581a21c000 ---p 0000b000 07:00 10117                      /lib/x86_64-linux-gnu/libnss_nis-2.19.so
7f581a21c000-7f581a21d000 r--p 0000a000 07:00 10117                      /lib/x86_64-linux-gnu/libnss_nis-2.19.so
7f581a21d000-7f581a21e000 rw-p 0000b000 07:00 10117                      /lib/x86_64-linux-gnu/libnss_nis-2.19.so
7f581a21e000-7f581a235000 r-xp 00000000 07:00 10101                      /lib/x86_64-linux-gnu/libnsl-2.19.so
7f581a235000-7f581a434000 ---p 00017000 07:00 10101                      /lib/x86_64-linux-gnu/libnsl-2.19.so
7f581a434000-7f581a435000 r--p 00016000 07:00 10101                      /lib/x86_64-linux-gnu/libnsl-2.19.so
7f581a435000-7f581a436000 rw-p 00017000 07:00 10101                      /lib/x86_64-linux-gnu/libnsl-2.19.so
7f581a436000-7f581a438000 rw-p 00000000 00:00 0 
7f581a438000-7f581a441000 r-xp 00000000 07:00 10103                      /lib/x86_64-linux-gnu/libnss_compat-2.19.so
7f581a441000-7f581a640000 ---p 00009000 07:00 10103                      /lib/x86_64-linux-gnu/libnss_compat-2.19.so
7f581a640000-7f581a641000 r--p 00008000 07:00 10103                      /lib/x86_64-linux-gnu/libnss_compat-2.19.so
7f581a641000-7f581a642000 rw-p 00009000 07:00 10103                      /lib/x86_64-linux-gnu/libnss_compat-2.19.so
7f581a642000-7f581a66d000 r-xp 00000000 07:00 23824                      /usr/lib/jvm/java-7-openjdk-amd64/jre/lib/amd64/libjava.so
7f581a66d000-7f581a86c000 ---p 0002b000 07:00 23824                      /usr/lib/jvm/java-7-openjdk-amd64/jre/lib/amd64/libjava.so
7f581a86c000-7f581a86d000 r--p 0002a000 07:00 23824                      /usr/lib/jvm/java-7-openjdk-amd64/jre/lib/amd64/libjava.so
7f581a86d000-7f581a86f000 rw-p 0002b000 07:00 23824                      /usr/lib/jvm/java-7-openjdk-amd64/jre/lib/amd64/libjava.so
7f581a86f000-7f581a87f000 r-xp 00000000 07:00 23844                      /usr/lib/jvm/java-7-openjdk-amd64/jre/lib/amd64/libverify.so
7f581a87f000-7f581aa7e000 ---p 00010000 07:00 23844                      /usr/lib/jvm/java-7-openjdk-amd64/jre/lib/amd64/libverify.so
7f581aa7e000-7f581aa80000 r--p 0000f000 07:00 23844                      /usr/lib/jvm/java-7-openjdk-amd64/jre/lib/amd64/libverify.so
7f581aa80000-7f581aa81000 rw-p 00011000 07:00 23844                      /usr/lib/jvm/java-7-openjdk-amd64/jre/lib/amd64/libverify.so
7f581aa81000-7f581aa88000 r-xp 00000000 07:00 10160                      /lib/x86_64-linux-gnu/librt-2.19.so
7f581aa88000-7f581ac87000 ---p 00007000 07:00 10160                      /lib/x86_64-linux-gnu/librt-2.19.so
7f581ac87000-7f581ac88000 r--p 00006000 07:00 10160                      /lib/x86_64-linux-gnu/librt-2.19.so
7f581ac88000-7f581ac89000 rw-p 00007000 07:00 10160                      /lib/x86_64-linux-gnu/librt-2.19.so
7f581ac89000-7f581ac9f000 r-xp 00000000 07:00 10056                      /lib/x86_64-linux-gnu/libgcc_s.so.1
7f581ac9f000-7f581ae9e000 ---p 00016000 07:00 10056                      /lib/x86_64-linux-gnu/libgcc_s.so.1
7f581ae9e000-7f581ae9f000 rw-p 00015000 07:00 10056                      /lib/x86_64-linux-gnu/libgcc_s.so.1
7f581ae9f000-7f581afa4000 r-xp 00000000 07:00 10082                      /lib/x86_64-linux-gnu/libm-2.19.so
7f581afa4000-7f581b1a3000 ---p 00105000 07:00 10082                      /lib/x86_64-linux-gnu/libm-2.19.so
7f581b1a3000-7f581b1a4000 r--p 00104000 07:00 10082                      /lib/x86_64-linux-gnu/libm-2.19.so
7f581b1a4000-7f581b1a5000 rw-p 00105000 07:00 10082                      /lib/x86_64-linux-gnu/libm-2.19.so
7f581b1a5000-7f581b28b000 r-xp 00000000 07:00 51535                      /usr/lib/x86_64-linux-gnu/libstdc++.so.6.0.19
7f581b28b000-7f581b48a000 ---p 000e6000 07:00 51535                      /usr/lib/x86_64-linux-gnu/libstdc++.so.6.0.19
7f581b48a000-7f581b492000 r--p 000e5000 07:00 51535                      /usr/lib/x86_64-linux-gnu/libstdc++.so.6.0.19
7f581b492000-7f581b494000 rw-p 000ed000 07:00 51535                      /usr/lib/x86_64-linux-gnu/libstdc++.so.6.0.19
7f581b494000-7f581b4a9000 rw-p 00000000 00:00 0 
7f581b4a9000-7f581bfbf000 r-xp 00000000 07:00 23850                      /usr/lib/jvm/java-7-openjdk-amd64/jre/lib/amd64/server/libjvm.so
7f581bfbf000-7f581c1be000 ---p 00b16000 07:00 23850                      /usr/lib/jvm/java-7-openjdk-amd64/jre/lib/amd64/server/libjvm.so
7f581c1be000-7f581c258000 r--p 00b15000 07:00 23850                      /usr/lib/jvm/java-7-openjdk-amd64/jre/lib/amd64/server/libjvm.so
7f581c258000-7f581c27b000 rw-p 00baf000 07:00 23850                      /usr/lib/jvm/java-7-openjdk-amd64/jre/lib/amd64/server/libjvm.so
7f581c27b000-7f581c2a9000 rw-p 00000000 00:00 0 
7f581c2a9000-7f581c2c1000 r-xp 00000000 07:00 10195                      /lib/x86_64-linux-gnu/libz.so.1.2.8
7f581c2c1000-7f581c4c0000 ---p 00018000 07:00 10195                      /lib/x86_64-linux-gnu/libz.so.1.2.8
7f581c4c0000-7f581c4c1000 r--p 00017000 07:00 10195                      /lib/x86_64-linux-gnu/libz.so.1.2.8
7f581c4c1000-7f581c4c2000 rw-p 00018000 07:00 10195                      /lib/x86_64-linux-gnu/libz.so.1.2.8
7f581c4c2000-7f581c4db000 r-xp 00000000 07:00 10152                      /lib/x86_64-linux-gnu/libpthread-2.19.so
7f581c4db000-7f581c6da000 ---p 00019000 07:00 10152                      /lib/x86_64-linux-gnu/libpthread-2.19.so
7f581c6da000-7f581c6db000 r--p 00018000 07:00 10152                      /lib/x86_64-linux-gnu/libpthread-2.19.so
7f581c6db000-7f581c6dc000 rw-p 00019000 07:00 10152                      /lib/x86_64-linux-gnu/libpthread-2.19.so
7f581c6dc000-7f581c6e0000 rw-p 00000000 00:00 0 
7f581c6e0000-7f581c6e3000 r-xp 00000000 07:00 10046                      /lib/x86_64-linux-gnu/libdl-2.19.so
7f581c6e3000-7f581c8e2000 ---p 00003000 07:00 10046                      /lib/x86_64-linux-gnu/libdl-2.19.so
7f581c8e2000-7f581c8e3000 r--p 00002000 07:00 10046                      /lib/x86_64-linux-gnu/libdl-2.19.so
7f581c8e3000-7f581c8e4000 rw-p 00003000 07:00 10046                      /lib/x86_64-linux-gnu/libdl-2.19.so
7f581c8e4000-7f581ca9f000 r-xp 00000000 07:00 10029                      /lib/x86_64-linux-gnu/libc-2.19.so
7f581ca9f000-7f581cc9f000 ---p 001bb000 07:00 10029                      /lib/x86_64-linux-gnu/libc-2.19.so
7f581cc9f000-7f581cca3000 r--p 001bb000 07:00 10029                      /lib/x86_64-linux-gnu/libc-2.19.so
7f581cca3000-7f581cca5000 rw-p 001bf000 07:00 10029                      /lib/x86_64-linux-gnu/libc-2.19.so
7f581cca5000-7f581ccaa000 rw-p 00000000 00:00 0 
7f581ccaa000-7f581ccb7000 r-xp 00000000 07:00 23809                      /usr/lib/jvm/java-7-openjdk-amd64/jre/lib/amd64/jli/libjli.so
7f581ccb7000-7f581ceb6000 ---p 0000d000 07:00 23809                      /usr/lib/jvm/java-7-openjdk-amd64/jre/lib/amd64/jli/libjli.so
7f581ceb6000-7f581ceb7000 r--p 0000c000 07:00 23809                      /usr/lib/jvm/java-7-openjdk-amd64/jre/lib/amd64/jli/libjli.so
7f581ceb7000-7f581ceb8000 rw-p 0000d000 07:00 23809                      /usr/lib/jvm/java-7-openjdk-amd64/jre/lib/amd64/jli/libjli.so
7f581ceb8000-7f581cedb000 r-xp 00000000 07:00 10005                      /lib/x86_64-linux-gnu/ld-2.19.so
7f581cedb000-7f581cedc000 rw-p 00000000 00:00 0 
7f581cedc000-7f581cede000 r--s 00012000 07:00 23873                      /usr/lib/jvm/java-7-openjdk-amd64/jre/lib/ext/zipfs.jar
7f581cede000-7f581cee2000 r--s 0003c000 07:00 23872                      /usr/lib/jvm/java-7-openjdk-amd64/jre/lib/ext/sunpkcs11.jar
7f581cee2000-7f581cee6000 r--s 00034000 07:00 23871                      /usr/lib/jvm/java-7-openjdk-amd64/jre/lib/ext/sunjce_provider.jar
7f581cee6000-7f581ceea000 r--s 00085000 07:00 23870                      /usr/lib/jvm/java-7-openjdk-amd64/jre/lib/ext/localedata.jar
7f581ceea000-7f581ceec000 r--s 00006000 07:00 138580                     /usr/share/java/java-atk-wrapper.jar
7f581ceec000-7f581ceef000 r--s 0000f000 07:00 23867                      /usr/lib/jvm/java-7-openjdk-amd64/jre/lib/ext/icedtea-sound.jar
7f581ceef000-7f581cef9000 rw-p 00000000 00:00 0 
7f581cef9000-7f581cfaf000 rw-p 00000000 00:00 0 
7f581cfaf000-7f581cfb2000 ---p 00000000 00:00 0 
7f581cfb2000-7f581d0b5000 rw-p 00000000 00:00 0                          [stack:4805]
7f581d0b5000-7f581d0b6000 r--s 00002000 07:00 23866                      /usr/lib/jvm/java-7-openjdk-amd64/jre/lib/ext/dnsns.jar
7f581d0b6000-7f581d0ce000 rw-p 00000000 00:00 0 
7f581d0ce000-7f581d0d6000 rw-s 00000000 00:15 56884                      /tmp/hsperfdata_student/4796
7f581d0d6000-7f581d0d7000 rw-p 00000000 00:00 0 
7f581d0d7000-7f581d0d8000 ---p 00000000 00:00 0 
7f581d0d8000-7f581d0da000 rw-p 00000000 00:00 0 
7f581d0da000-7f581d0db000 r--p 00022000 07:00 10005                      /lib/x86_64-linux-gnu/ld-2.19.so
7f581d0db000-7f581d0dc000 rw-p 00023000 07:00 10005                      /lib/x86_64-linux-gnu/ld-2.19.so
7f581d0dc000-7f581d0dd000 rw-p 00000000 00:00 0 
7fff054bc000-7fff054dd000 rw-p 00000000 00:00 0                          [stack]
7fff054f1000-7fff054f3000 r-xp 00000000 00:00 0                          [vdso]
ffffffffff600000-ffffffffff601000 r-xp 00000000 00:00 0                  [vsyscall]

VM Arguments:
jvm_args: -Xmx1024M 
java_command: /home/student/Android/Sdk/build-tools/21.1.2/lib/dx.jar --dex --no-optimize --output /home/student/Desktop/MyFirstMap/app/build/intermediates/dex/debug --input-list=/home/student/Desktop/MyFirstMap/app/build/intermediates/tmp/dex/debug/inputList.txt
Launcher Type: SUN_STANDARD

Environment Variables:
CLASSPATH=/home/student/android-studio/bin/../lib/bootstrap.jar:/home/student/android-studio/bin/../lib/extensions.jar:/home/student/android-studio/bin/../lib/util.jar:/home/student/android-studio/bin/../lib/jdom.jar:/home/student/android-studio/bin/../lib/log4j.jar:/home/student/android-studio/bin/../lib/trove4j.jar:/home/student/android-studio/bin/../lib/jna.jar:/usr/lib/jvm/java-7-openjdk-amd64/lib/tools.jar
PATH=/usr/local/sbin:/usr/local/bin:/usr/sbin:/usr/bin:/sbin:/bin:/usr/games:/usr/local/games
USERNAME=student
LD_LIBRARY_PATH=/home/student/android-studio/bin:
SHELL=/bin/bash
DISPLAY=:0

Signal Handlers:
SIGSEGV: [libjvm.so+0x9495e0], sa_mask[0]=0x7ffbfeff, sa_flags=0x10000004
SIGBUS: [libjvm.so+0x9495e0], sa_mask[0]=0x7ffbfeff, sa_flags=0x10000004
SIGFPE: [libjvm.so+0x7c3410], sa_mask[0]=0x7ffbfeff, sa_flags=0x10000004
SIGPIPE: [libjvm.so+0x7c3410], sa_mask[0]=0x7ffbfeff, sa_flags=0x10000004
SIGXFSZ: [libjvm.so+0x7c3410], sa_mask[0]=0x7ffbfeff, sa_flags=0x10000004
SIGILL: [libjvm.so+0x7c3410], sa_mask[0]=0x7ffbfeff, sa_flags=0x10000004
SIGUSR1: SIG_DFL, sa_mask[0]=0x00000000, sa_flags=0x00000000
SIGUSR2: [libjvm.so+0x7c32b0], sa_mask[0]=0x00000004, sa_flags=0x10000004
SIGHUP: [libjvm.so+0x7c3490], sa_mask[0]=0x7ffbfeff, sa_flags=0x10000004
SIGINT: [libjvm.so+0x7c3490], sa_mask[0]=0x7ffbfeff, sa_flags=0x10000004
SIGTERM: [libjvm.so+0x7c3490], sa_mask[0]=0x7ffbfeff, sa_flags=0x10000004
SIGQUIT: [libjvm.so+0x7c3490], sa_mask[0]=0x7ffbfeff, sa_flags=0x10000004
SIGTRAP: SIG_DFL, sa_mask[0]=0x00000000, sa_flags=0x00000000


---------------  S Y S T E M  ---------------

OS:LinuxMint 17.1 (rebecca)
uname:Linux 3.13.0-37-generic #64-Ubuntu SMP Mon Sep 22 21:28:38 UTC 2014 x86_64
libc:glibc 2.19 NPTL 2.19 
rlimit: STACK 8192k, CORE 0k, NPROC 30616, NOFILE 4096, AS infinity
load average:8.82 3.53 1.69

/proc/meminfo:
MemTotal:        3941808 kB
MemFree:          139464 kB
Buffers:            3316 kB
Cached:          1029612 kB
SwapCached:            0 kB
Active:          2799152 kB
Inactive:         847692 kB
Active(anon):    2782364 kB
Inactive(anon):   824436 kB
Active(file):      16788 kB
Inactive(file):    23256 kB
Unevictable:           0 kB
Mlocked:               0 kB
SwapTotal:             0 kB
SwapFree:              0 kB
Dirty:              1140 kB
Writeback:             0 kB
AnonPages:       2614724 kB
Mapped:            69236 kB
Shmem:            992152 kB
Slab:              57924 kB
SReclaimable:      29740 kB
SUnreclaim:        28184 kB
KernelStack:        3688 kB
PageTables:        23756 kB
NFS_Unstable:          0 kB
Bounce:                0 kB
WritebackTmp:          0 kB
CommitLimit:     1970904 kB
Committed_AS:    5702780 kB
VmallocTotal:   34359738367 kB
VmallocUsed:      553016 kB
VmallocChunk:   34359166052 kB
HardwareCorrupted:     0 kB
AnonHugePages:   1421312 kB
HugePages_Total:       0
HugePages_Free:        0
HugePages_Rsvd:        0
HugePages_Surp:        0
Hugepagesize:       2048 kB
DirectMap4k:       45288 kB
DirectMap2M:     4042752 kB


CPU:total 4 (4 cores per cpu, 1 threads per core) family 6 model 23 stepping 10, cmov, cx8, fxsr, mmx, sse, sse2, sse3, ssse3, sse4.1, tsc

/proc/cpuinfo:
processor	: 0
vendor_id	: GenuineIntel
cpu family	: 6
model		: 23
model name	: Intel(R) Core(TM)2 Quad CPU    Q9550  @ 2.83GHz
stepping	: 10
microcode	: 0xa07
cpu MHz		: 1998.000
cache size	: 6144 KB
physical id	: 0
siblings	: 4
core id		: 0
cpu cores	: 4
apicid		: 0
initial apicid	: 0
fpu		: yes
fpu_exception	: yes
cpuid level	: 13
wp		: yes
flags		: fpu vme de pse tsc msr pae mce cx8 apic sep mtrr pge mca cmov pat pse36 clflush dts acpi mmx fxsr sse sse2 ss ht tm pbe syscall nx lm constant_tsc arch_perfmon pebs bts rep_good nopl aperfmperf pni dtes64 monitor ds_cpl vmx smx est tm2 ssse3 cx16 xtpr pdcm sse4_1 xsave lahf_lm dtherm tpr_shadow vnmi flexpriority
bogomips	: 5666.09
clflush size	: 64
cache_alignment	: 64
address sizes	: 36 bits physical, 48 bits virtual
power management:

processor	: 1
vendor_id	: GenuineIntel
cpu family	: 6
model		: 23
model name	: Intel(R) Core(TM)2 Quad CPU    Q9550  @ 2.83GHz
stepping	: 10
microcode	: 0xa07
cpu MHz		: 1998.000
cache size	: 6144 KB
physical id	: 0
siblings	: 4
core id		: 1
cpu cores	: 4
apicid		: 1
initial apicid	: 1
fpu		: yes
fpu_exception	: yes
cpuid level	: 13
wp		: yes
flags		: fpu vme de pse tsc msr pae mce cx8 apic sep mtrr pge mca cmov pat pse36 clflush dts acpi mmx fxsr sse sse2 ss ht tm pbe syscall nx lm constant_tsc arch_perfmon pebs bts rep_good nopl aperfmperf pni dtes64 monitor ds_cpl vmx smx est tm2 ssse3 cx16 xtpr pdcm sse4_1 xsave lahf_lm dtherm tpr_shadow vnmi flexpriority
bogomips	: 5666.09
clflush size	: 64
cache_alignment	: 64
address sizes	: 36 bits physical, 48 bits virtual
power management:

processor	: 2
vendor_id	: GenuineIntel
cpu family	: 6
model		: 23
model name	: Intel(R) Core(TM)2 Quad CPU    Q9550  @ 2.83GHz
stepping	: 10
microcode	: 0xa07
cpu MHz		: 2830.000
cache size	: 6144 KB
physical id	: 0
siblings	: 4
core id		: 2
cpu cores	: 4
apicid		: 2
initial apicid	: 2
fpu		: yes
fpu_exception	: yes
cpuid level	: 13
wp		: yes
flags		: fpu vme de pse tsc msr pae mce cx8 apic sep mtrr pge mca cmov pat pse36 clflush dts acpi mmx fxsr sse sse2 ss ht tm pbe syscall nx lm constant_tsc arch_perfmon pebs bts rep_good nopl aperfmperf pni dtes64 monitor ds_cpl vmx smx est tm2 ssse3 cx16 xtpr pdcm sse4_1 xsave lahf_lm dtherm tpr_shadow vnmi flexpriority
bogomips	: 5666.09
clflush size	: 64
cache_alignment	: 64
address sizes	: 36 bits physical, 48 bits virtual
power management:

processor	: 3
vendor_id	: GenuineIntel
cpu family	: 6
model		: 23
model name	: Intel(R) Core(TM)2 Quad CPU    Q9550  @ 2.83GHz
stepping	: 10
microcode	: 0xa07
cpu MHz		: 1998.000
cache size	: 6144 KB
physical id	: 0
siblings	: 4
core id		: 3
cpu cores	: 4
apicid		: 3
initial apicid	: 3
fpu		: yes
fpu_exception	: yes
cpuid level	: 13
wp		: yes
flags		: fpu vme de pse tsc msr pae mce cx8 apic sep mtrr pge mca cmov pat pse36 clflush dts acpi mmx fxsr sse sse2 ss ht tm pbe syscall nx lm constant_tsc arch_perfmon pebs bts rep_good nopl aperfmperf pni dtes64 monitor ds_cpl vmx smx est tm2 ssse3 cx16 xtpr pdcm sse4_1 xsave lahf_lm dtherm tpr_shadow vnmi flexpriority
bogomips	: 5666.09
clflush size	: 64
cache_alignment	: 64
address sizes	: 36 bits physical, 48 bits virtual
power management:



Memory: 4k page, physical 3941808k(139464k free), swap 0k(0k free)

vm_info: OpenJDK 64-Bit Server VM (24.65-b04) for linux-amd64 JRE (1.7.0_65-b32), built on Oct 22 2014 04:37:44 by "buildd" with gcc 4.8.2

time: Fri Mar 27 14:01:08 2015
elapsed time: 4 seconds

